<?xml version="1.0" encoding="UTF-8"?>
<!-- Generated by org.testng.reporters.JUnitXMLReporter -->
<testsuite hostname="DESKTOP-32ERK54" ignored="0" name="my won test " tests="27" failures="12" timestamp="04 May 2020 10:11:05 GMT" time="14.497" errors="0">
  <testcase name="checkcontenttype" time="0.039" classname="TC.API_PostempDetails"/>
  <testcase name="checkresponse" time="0.004" classname="TC.API_PostempDetails"/>
  <testcase name="checkserver" time="0.004" classname="TC.API_PostempDetails"/>
  <testcase name="checkstatuscode" time="0.006" classname="TC.API_PostempDetails"/>
  <testcase name="checkstatusline" time="0.008" classname="TC.API_PostempDetails"/>
  <testcase name="checkcontentencoding" time="0.058" classname="TC.Get_API">
    <failure type="java.lang.AssertionError" message="expected [gzip] but found [null]">
      <![CDATA[java.lang.AssertionError: expected [gzip] but found [null]
at TC.Get_API.checkcontentencoding(Get_API.java:66)
at java.util.concurrent.ThreadPoolExecutor.runWorker(ThreadPoolExecutor.java:1142)
at java.util.concurrent.ThreadPoolExecutor$Worker.run(ThreadPoolExecutor.java:617)
at java.lang.Thread.run(Thread.java:744)
... Removed 16 stack frames]]>
    </failure>
  </testcase> <!-- checkcontentencoding -->
  <testcase name="checkcontentlength" time="0.0" classname="TC.Get_API">
    <failure type="java.lang.AssertionError" message="expected [true] but found [false]">
      <![CDATA[java.lang.AssertionError: expected [true] but found [false]
at TC.Get_API.checkcontentlength(Get_API.java:77)
at java.util.concurrent.ThreadPoolExecutor.runWorker(ThreadPoolExecutor.java:1142)
at java.util.concurrent.ThreadPoolExecutor$Worker.run(ThreadPoolExecutor.java:617)
at java.lang.Thread.run(Thread.java:744)
... Removed 14 stack frames]]>
    </failure>
  </testcase> <!-- checkcontentlength -->
  <testcase name="checkcontenttype" time="0.032" classname="TC.Get_API"/>
  <testcase name="checkresponsetime" time="0.0" classname="TC.Get_API"/>
  <testcase name="checkserver" time="0.0" classname="TC.Get_API"/>
  <testcase name="checkstatuscode" time="0.0" classname="TC.Get_API">
    <failure type="java.lang.AssertionError" message="expected [200] but found [400]">
      <![CDATA[java.lang.AssertionError: expected [200] but found [400]
at TC.Get_API.checkstatuscode(Get_API.java:38)
at java.util.concurrent.ThreadPoolExecutor.runWorker(ThreadPoolExecutor.java:1142)
at java.util.concurrent.ThreadPoolExecutor$Worker.run(ThreadPoolExecutor.java:617)
at java.lang.Thread.run(Thread.java:744)
... Removed 16 stack frames]]>
    </failure>
  </testcase> <!-- checkstatuscode -->
  <testcase name="checkstatusline" time="0.0" classname="TC.Get_API">
    <failure type="java.lang.AssertionError" message="expected [HTTP/1.1 200 OK] but found [HTTP/1.1 400 Bad Request]">
      <![CDATA[java.lang.AssertionError: expected [HTTP/1.1 200 OK] but found [HTTP/1.1 400 Bad Request]
at TC.Get_API.checkstatusline(Get_API.java:45)
at java.util.concurrent.ThreadPoolExecutor.runWorker(ThreadPoolExecutor.java:1142)
at java.util.concurrent.ThreadPoolExecutor$Worker.run(ThreadPoolExecutor.java:617)
at java.lang.Thread.run(Thread.java:744)
... Removed 16 stack frames]]>
    </failure>
  </testcase> <!-- checkstatusline -->
  <testcase name="responsebody" time="0.0" classname="TC.Get_API"/>
  <testcase name="checkContentType" time="0.0" classname="TC.DELETE_APITesting"/>
  <testcase name="checkStatusCode" time="0.016" classname="TC.DELETE_APITesting">
    <failure type="java.lang.AssertionError" message="expected [200] but found [400]">
      <![CDATA[java.lang.AssertionError: expected [200] but found [400]
at TC.DELETE_APITesting.checkStatusCode(DELETE_APITesting.java:39)
at java.util.concurrent.ThreadPoolExecutor.runWorker(ThreadPoolExecutor.java:1142)
at java.util.concurrent.ThreadPoolExecutor$Worker.run(ThreadPoolExecutor.java:617)
at java.lang.Thread.run(Thread.java:744)
... Removed 16 stack frames]]>
    </failure>
  </testcase> <!-- checkStatusCode -->
  <testcase name="checkcontentEncoding" time="0.016" classname="TC.DELETE_APITesting"/>
  <testcase name="checkresponsebody" time="0.0" classname="TC.DELETE_APITesting"/>
  <testcase name="checkserverType" time="0.0" classname="TC.DELETE_APITesting"/>
  <testcase name="checkstatusLine" time="0.0" classname="TC.DELETE_APITesting">
    <failure type="java.lang.AssertionError" message="expected [HTTP/1.1 200 OK] but found [HTTP/1.1 400 Bad Request]">
      <![CDATA[java.lang.AssertionError: expected [HTTP/1.1 200 OK] but found [HTTP/1.1 400 Bad Request]
at TC.DELETE_APITesting.checkstatusLine(DELETE_APITesting.java:46)
at java.util.concurrent.ThreadPoolExecutor.runWorker(ThreadPoolExecutor.java:1142)
at java.util.concurrent.ThreadPoolExecutor$Worker.run(ThreadPoolExecutor.java:617)
at java.lang.Thread.run(Thread.java:744)
... Removed 16 stack frames]]>
    </failure>
  </testcase> <!-- checkstatusLine -->
  <testcase name="checkcontentencoding" time="0.008" classname="TC.GET_Employedetails">
    <failure type="junit.framework.ComparisonFailure" message="expected:&amp;lt;null&amp;gt; but was:&amp;lt;gzip&amp;gt;">
      <![CDATA[junit.framework.ComparisonFailure: expected:<null> but was:<gzip>
at junit.framework.Assert.assertEquals(Assert.java:81)
at junit.framework.Assert.assertEquals(Assert.java:87)
at TC.GET_Employedetails.checkcontentencoding(GET_Employedetails.java:61)
at java.util.concurrent.ThreadPoolExecutor.runWorker(ThreadPoolExecutor.java:1142)
at java.util.concurrent.ThreadPoolExecutor$Worker.run(ThreadPoolExecutor.java:617)
at java.lang.Thread.run(Thread.java:744)
... Removed 10 stack frames]]>
    </failure>
  </testcase> <!-- checkcontentencoding -->
  <testcase name="checkcontentlength" time="0.0" classname="TC.GET_Employedetails"/>
  <testcase name="checkcontenttype" time="0.0" classname="TC.GET_Employedetails">
    <failure type="junit.framework.ComparisonFailure" message="expected:&amp;lt;application/json;charset=utf...&amp;gt; but was:&amp;lt;text/html; charset=UTF...&amp;gt;">
      <![CDATA[junit.framework.ComparisonFailure: expected:<application/json;charset=utf...> but was:<text/html; charset=UTF...>
at junit.framework.Assert.assertEquals(Assert.java:81)
at junit.framework.Assert.assertEquals(Assert.java:87)
at TC.GET_Employedetails.checkcontenttype(GET_Employedetails.java:47)
at java.util.concurrent.ThreadPoolExecutor.runWorker(ThreadPoolExecutor.java:1142)
at java.util.concurrent.ThreadPoolExecutor$Worker.run(ThreadPoolExecutor.java:617)
at java.lang.Thread.run(Thread.java:744)
... Removed 10 stack frames]]>
    </failure>
  </testcase> <!-- checkcontenttype -->
  <testcase name="checkresponse" time="0.016" classname="TC.GET_Employedetails">
    <failure type="junit.framework.AssertionFailedError" message="expected:&amp;lt;false&amp;gt; but was:&amp;lt;true&amp;gt;">
      <![CDATA[junit.framework.AssertionFailedError: expected:<false> but was:<true>
at junit.framework.Assert.fail(Assert.java:47)
at junit.framework.Assert.failNotEquals(Assert.java:282)
at junit.framework.Assert.assertEquals(Assert.java:64)
at junit.framework.Assert.assertEquals(Assert.java:149)
at junit.framework.Assert.assertEquals(Assert.java:155)
at TC.GET_Employedetails.checkresponse(GET_Employedetails.java:27)
at java.util.concurrent.ThreadPoolExecutor.runWorker(ThreadPoolExecutor.java:1142)
at java.util.concurrent.ThreadPoolExecutor$Worker.run(ThreadPoolExecutor.java:617)
at java.lang.Thread.run(Thread.java:744)
... Removed 10 stack frames]]>
    </failure>
  </testcase> <!-- checkresponse -->
  <testcase name="checkresponsetime" time="0.015" classname="TC.GET_Employedetails"/>
  <testcase name="checkserver" time="0.016" classname="TC.GET_Employedetails">
    <failure type="junit.framework.ComparisonFailure" message="expected:&amp;lt;...6.0&amp;gt; but was:&amp;lt;...4.1&amp;gt;">
      <![CDATA[junit.framework.ComparisonFailure: expected:<...6.0> but was:<...4.1>
at junit.framework.Assert.assertEquals(Assert.java:81)
at junit.framework.Assert.assertEquals(Assert.java:87)
at TC.GET_Employedetails.checkserver(GET_Employedetails.java:54)
at java.util.concurrent.ThreadPoolExecutor.runWorker(ThreadPoolExecutor.java:1142)
at java.util.concurrent.ThreadPoolExecutor$Worker.run(ThreadPoolExecutor.java:617)
at java.lang.Thread.run(Thread.java:744)
... Removed 10 stack frames]]>
    </failure>
  </testcase> <!-- checkserver -->
  <testcase name="checkstatuscode" time="0.0" classname="TC.GET_Employedetails">
    <failure type="junit.framework.AssertionFailedError" message="expected:&amp;lt;400&amp;gt; but was:&amp;lt;200&amp;gt;">
      <![CDATA[junit.framework.AssertionFailedError: expected:<400> but was:<200>
at junit.framework.Assert.fail(Assert.java:47)
at junit.framework.Assert.failNotEquals(Assert.java:282)
at junit.framework.Assert.assertEquals(Assert.java:64)
at junit.framework.Assert.assertEquals(Assert.java:201)
at junit.framework.Assert.assertEquals(Assert.java:207)
at TC.GET_Employedetails.checkstatuscode(GET_Employedetails.java:33)
at java.util.concurrent.ThreadPoolExecutor.runWorker(ThreadPoolExecutor.java:1142)
at java.util.concurrent.ThreadPoolExecutor$Worker.run(ThreadPoolExecutor.java:617)
at java.lang.Thread.run(Thread.java:744)
... Removed 10 stack frames]]>
    </failure>
  </testcase> <!-- checkstatuscode -->
  <testcase name="checkstatusline" time="0.0" classname="TC.GET_Employedetails">
    <failure type="junit.framework.ComparisonFailure" message="expected:&amp;lt;...400 Bad Request&amp;gt; but was:&amp;lt;...200 OK&amp;gt;">
      <![CDATA[junit.framework.ComparisonFailure: expected:<...400 Bad Request> but was:<...200 OK>
at junit.framework.Assert.assertEquals(Assert.java:81)
at junit.framework.Assert.assertEquals(Assert.java:87)
at TC.GET_Employedetails.checkstatusline(GET_Employedetails.java:40)
at java.util.concurrent.ThreadPoolExecutor.runWorker(ThreadPoolExecutor.java:1142)
at java.util.concurrent.ThreadPoolExecutor$Worker.run(ThreadPoolExecutor.java:617)
at java.lang.Thread.run(Thread.java:744)
... Removed 10 stack frames]]>
    </failure>
  </testcase> <!-- checkstatusline -->
</testsuite> <!-- my won test  -->
