<?xml version="1.0" encoding="UTF-8"?>
<!-- Generated by org.testng.reporters.JUnitXMLReporter -->
<testsuite hostname="DESKTOP-32ERK54" ignored="0" name="Default test" tests="8" failures="0" timestamp="04 May 2020 11:13:18 GMT" time="14.796" errors="0">
  <testcase name="checkcontentencoding" time="0.031" classname="TC.GET_Employedetails"/>
  <testcase name="checkcontentlength" time="0.015" classname="TC.GET_Employedetails"/>
  <testcase name="checkcontenttype" time="0.016" classname="TC.GET_Employedetails"/>
  <testcase name="checkresponse" time="0.141" classname="TC.GET_Employedetails"/>
  <testcase name="checkresponsetime" time="0.0" classname="TC.GET_Employedetails"/>
  <testcase name="checkserver" time="0.047" classname="TC.GET_Employedetails"/>
  <testcase name="checkstatuscode" time="0.016" classname="TC.GET_Employedetails"/>
  <testcase name="checkstatusline" time="0.015" classname="TC.GET_Employedetails"/>
</testsuite> <!-- Default test -->
