<?xml version="1.0" encoding="UTF-8"?>
<!-- Generated by org.testng.reporters.JUnitXMLReporter -->
<testsuite hostname="DESKTOP-32ERK54" ignored="0" name="my won test " tests="33" failures="0" timestamp="2020-05-04T19:15:22 IST" time="29.494" errors="0">
  <testcase name="checkcontenttype" time="0.067" classname="TC.API_PostempDetails"/>
  <testcase name="checkresponse" time="0.003" classname="TC.API_PostempDetails"/>
  <testcase name="checkserver" time="0.0" classname="TC.API_PostempDetails"/>
  <testcase name="checkstatuscode" time="0.018" classname="TC.API_PostempDetails"/>
  <testcase name="checkstatusline" time="0.001" classname="TC.API_PostempDetails"/>
  <testcase name="checkContentType" time="0.004" classname="TC.DELETE_APITesting"/>
  <testcase name="checkStatusCode" time="0.0" classname="TC.DELETE_APITesting"/>
  <testcase name="checkcontentEncoding" time="0.0" classname="TC.DELETE_APITesting"/>
  <testcase name="checkresponsebody" time="0.002" classname="TC.DELETE_APITesting"/>
  <testcase name="checkserverType" time="0.0" classname="TC.DELETE_APITesting"/>
  <testcase name="checkstatusLine" time="0.0" classname="TC.DELETE_APITesting"/>
  <testcase name="checkcontentencoding" time="0.0" classname="TC.Get_API"/>
  <testcase name="checkcontentlength" time="0.0" classname="TC.Get_API"/>
  <testcase name="checkcontenttype" time="0.0" classname="TC.Get_API"/>
  <testcase name="checkresponsetime" time="0.0" classname="TC.Get_API"/>
  <testcase name="checkserver" time="0.0" classname="TC.Get_API"/>
  <testcase name="checkstatuscode" time="0.0" classname="TC.Get_API"/>
  <testcase name="checkstatusline" time="0.0" classname="TC.Get_API"/>
  <testcase name="responsebody" time="0.0" classname="TC.Get_API"/>
  <testcase name="checkcontentencoding" time="0.002" classname="TC.GET_Employedetails"/>
  <testcase name="checkcontentlength" time="0.001" classname="TC.GET_Employedetails"/>
  <testcase name="checkcontenttype" time="0.001" classname="TC.GET_Employedetails"/>
  <testcase name="checkresponse" time="0.001" classname="TC.GET_Employedetails"/>
  <testcase name="checkresponsetime" time="0.001" classname="TC.GET_Employedetails"/>
  <testcase name="checkserver" time="0.001" classname="TC.GET_Employedetails"/>
  <testcase name="checkstatuscode" time="0.002" classname="TC.GET_Employedetails"/>
  <testcase name="checkstatusline" time="0.001" classname="TC.GET_Employedetails"/>
  <testcase name="checkContentType" time="0.001" classname="TC.PUT_UpdateEmpdetails"/>
  <testcase name="checkStatusCode" time="0.001" classname="TC.PUT_UpdateEmpdetails"/>
  <testcase name="checkcontentEncoding" time="0.0" classname="TC.PUT_UpdateEmpdetails"/>
  <testcase name="checkresponse" time="0.002" classname="TC.PUT_UpdateEmpdetails"/>
  <testcase name="checkserverType" time="0.0" classname="TC.PUT_UpdateEmpdetails"/>
  <testcase name="checkstatusLine" time="0.0" classname="TC.PUT_UpdateEmpdetails"/>
</testsuite> <!-- my won test  -->
