<?xml version="1.0" encoding="UTF-8"?>
<!-- Generated by org.testng.reporters.JUnitXMLReporter -->
<testsuite hostname="DESKTOP-32ERK54" ignored="0" name="my won test " tests="33" failures="0" timestamp="04 May 2020 11:14:21 GMT" time="37.364" errors="0">
  <testcase name="checkcontenttype" time="0.031" classname="TC.API_PostempDetails"/>
  <testcase name="checkresponse" time="0.063" classname="TC.API_PostempDetails"/>
  <testcase name="checkserver" time="0.016" classname="TC.API_PostempDetails"/>
  <testcase name="checkstatuscode" time="0.0" classname="TC.API_PostempDetails"/>
  <testcase name="checkstatusline" time="0.047" classname="TC.API_PostempDetails"/>
  <testcase name="checkContentType" time="0.0" classname="TC.DELETE_APITesting"/>
  <testcase name="checkStatusCode" time="0.0" classname="TC.DELETE_APITesting"/>
  <testcase name="checkcontentEncoding" time="0.0" classname="TC.DELETE_APITesting"/>
  <testcase name="checkresponsebody" time="0.019" classname="TC.DELETE_APITesting"/>
  <testcase name="checkserverType" time="0.0" classname="TC.DELETE_APITesting"/>
  <testcase name="checkstatusLine" time="0.031" classname="TC.DELETE_APITesting"/>
  <testcase name="checkcontentencoding" time="0.006" classname="TC.Get_API"/>
  <testcase name="checkcontentlength" time="0.0" classname="TC.Get_API"/>
  <testcase name="checkcontenttype" time="0.0" classname="TC.Get_API"/>
  <testcase name="checkresponsetime" time="0.015" classname="TC.Get_API"/>
  <testcase name="checkserver" time="0.0" classname="TC.Get_API"/>
  <testcase name="checkstatuscode" time="0.0" classname="TC.Get_API"/>
  <testcase name="checkstatusline" time="0.063" classname="TC.Get_API"/>
  <testcase name="responsebody" time="0.016" classname="TC.Get_API"/>
  <testcase name="checkcontentencoding" time="0.007" classname="TC.GET_Employedetails"/>
  <testcase name="checkcontentlength" time="0.0" classname="TC.GET_Employedetails"/>
  <testcase name="checkcontenttype" time="0.0" classname="TC.GET_Employedetails"/>
  <testcase name="checkresponse" time="0.141" classname="TC.GET_Employedetails"/>
  <testcase name="checkresponsetime" time="0.0" classname="TC.GET_Employedetails"/>
  <testcase name="checkserver" time="0.032" classname="TC.GET_Employedetails"/>
  <testcase name="checkstatuscode" time="0.0" classname="TC.GET_Employedetails"/>
  <testcase name="checkstatusline" time="0.016" classname="TC.GET_Employedetails"/>
  <testcase name="checkContentType" time="0.0" classname="TC.PUT_UpdateEmpdetails"/>
  <testcase name="checkStatusCode" time="0.015" classname="TC.PUT_UpdateEmpdetails"/>
  <testcase name="checkcontentEncoding" time="0.0" classname="TC.PUT_UpdateEmpdetails"/>
  <testcase name="checkresponse" time="0.012" classname="TC.PUT_UpdateEmpdetails"/>
  <testcase name="checkserverType" time="0.0" classname="TC.PUT_UpdateEmpdetails"/>
  <testcase name="checkstatusLine" time="0.016" classname="TC.PUT_UpdateEmpdetails"/>
</testsuite> <!-- my won test  -->
